[2014-10-31 09:42:12] INFO  WEBrick 1.3.1
[2014-10-31 09:42:12] INFO  ruby 2.1.2 (2014-05-08) [x86_64-darwin13.0]
/Users/Conrad/.rbenv/versions/2.1.2/lib/ruby/2.1.0/socket.rb:206:in `bind': Permission denied - bind(2) for 0.0.0.0:80 (Errno::EACCES)
	from /Users/Conrad/.rbenv/versions/2.1.2/lib/ruby/2.1.0/socket.rb:206:in `listen'
	from /Users/Conrad/.rbenv/versions/2.1.2/lib/ruby/2.1.0/socket.rb:461:in `block in tcp_server_sockets'
	from /Users/Conrad/.rbenv/versions/2.1.2/lib/ruby/2.1.0/socket.rb:232:in `each'
	from /Users/Conrad/.rbenv/versions/2.1.2/lib/ruby/2.1.0/socket.rb:232:in `foreach'
	from /Users/Conrad/.rbenv/versions/2.1.2/lib/ruby/2.1.0/socket.rb:459:in `tcp_server_sockets'
	from /Users/Conrad/.rbenv/versions/2.1.2/lib/ruby/2.1.0/webrick/utils.rb:75:in `create_listeners'
	from /Users/Conrad/.rbenv/versions/2.1.2/lib/ruby/2.1.0/webrick/server.rb:132:in `listen'
	from /Users/Conrad/.rbenv/versions/2.1.2/lib/ruby/2.1.0/webrick/server.rb:113:in `initialize'
	from /Users/Conrad/.rbenv/versions/2.1.2/lib/ruby/2.1.0/webrick/httpserver.rb:45:in `initialize'
	from /Users/Conrad/.rbenv/versions/2.1.2/lib/ruby/gems/2.1.0/gems/rack-1.5.2/lib/rack/handler/webrick.rb:11:in `new'
	from /Users/Conrad/.rbenv/versions/2.1.2/lib/ruby/gems/2.1.0/gems/rack-1.5.2/lib/rack/handler/webrick.rb:11:in `run'
	from /Users/Conrad/.rbenv/versions/2.1.2/lib/ruby/gems/2.1.0/gems/rack-1.5.2/lib/rack/server.rb:264:in `start'
	from /Users/Conrad/.rbenv/versions/2.1.2/lib/ruby/gems/2.1.0/gems/rack-1.5.2/lib/rack/server.rb:141:in `start'
	from /Users/Conrad/.rbenv/versions/2.1.2/lib/ruby/gems/2.1.0/gems/rack-1.5.2/bin/rackup:4:in `<top (required)>'
	from /Users/Conrad/.rbenv/versions/2.1.2/bin/rackup:23:in `load'
	from /Users/Conrad/.rbenv/versions/2.1.2/bin/rackup:23:in `<main>'
[2014-10-31 09:43:02] INFO  WEBrick 1.3.1
[2014-10-31 09:43:02] INFO  ruby 2.1.2 (2014-05-08) [x86_64-darwin13.0]
/Users/Conrad/.rbenv/versions/2.1.2/lib/ruby/2.1.0/socket.rb:206:in `bind': Permission denied - bind(2) for 0.0.0.0:80 (Errno::EACCES)
	from /Users/Conrad/.rbenv/versions/2.1.2/lib/ruby/2.1.0/socket.rb:206:in `listen'
	from /Users/Conrad/.rbenv/versions/2.1.2/lib/ruby/2.1.0/socket.rb:461:in `block in tcp_server_sockets'
	from /Users/Conrad/.rbenv/versions/2.1.2/lib/ruby/2.1.0/socket.rb:232:in `each'
	from /Users/Conrad/.rbenv/versions/2.1.2/lib/ruby/2.1.0/socket.rb:232:in `foreach'
	from /Users/Conrad/.rbenv/versions/2.1.2/lib/ruby/2.1.0/socket.rb:459:in `tcp_server_sockets'
	from /Users/Conrad/.rbenv/versions/2.1.2/lib/ruby/2.1.0/webrick/utils.rb:75:in `create_listeners'
	from /Users/Conrad/.rbenv/versions/2.1.2/lib/ruby/2.1.0/webrick/server.rb:132:in `listen'
	from /Users/Conrad/.rbenv/versions/2.1.2/lib/ruby/2.1.0/webrick/server.rb:113:in `initialize'
	from /Users/Conrad/.rbenv/versions/2.1.2/lib/ruby/2.1.0/webrick/httpserver.rb:45:in `initialize'
	from /Users/Conrad/.rbenv/versions/2.1.2/lib/ruby/gems/2.1.0/gems/rack-1.5.2/lib/rack/handler/webrick.rb:11:in `new'
	from /Users/Conrad/.rbenv/versions/2.1.2/lib/ruby/gems/2.1.0/gems/rack-1.5.2/lib/rack/handler/webrick.rb:11:in `run'
	from /Users/Conrad/.rbenv/versions/2.1.2/lib/ruby/gems/2.1.0/gems/rack-1.5.2/lib/rack/server.rb:264:in `start'
	from /Users/Conrad/.rbenv/versions/2.1.2/lib/ruby/gems/2.1.0/gems/rack-1.5.2/lib/rack/server.rb:141:in `start'
	from /Users/Conrad/.rbenv/versions/2.1.2/lib/ruby/gems/2.1.0/gems/rack-1.5.2/bin/rackup:4:in `<top (required)>'
	from /Users/Conrad/.rbenv/versions/2.1.2/bin/rackup:23:in `load'
	from /Users/Conrad/.rbenv/versions/2.1.2/bin/rackup:23:in `<main>'
